Arguments: 
  C:\Program Files\nodejs\node.exe C:\Users\WEB PM\AppData\Roaming\npm\node_modules\yarn\bin\yarn.js start

PATH: 
  C:\Program Files\Git\mingw64\bin;C:\Program Files\Git\usr\bin;C:\Users\WEB PM\bin;C:\WINDOWS\system32;C:\WINDOWS;C:\WINDOWS\System32\Wbem;C:\WINDOWS\System32\WindowsPowerShell\v1.0;C:\Program Files (x86)\Brackets\command;C:\Program Files\Git\cmd;C:\Program Files\nodejs;C:\Ruby24-x64\bin;C:\Users\WEB PM\AppData\Local\Microsoft\WindowsApps;C:\Program Files\Microsoft VS Code\bin;C:\Users\WEB PM\AppData\Roaming\npm

Yarn version: 
  1.5.1

Node version: 
  8.11.0

Platform: 
  win32 x64

npm manifest: 
  {
    "name": "redux-crud-example",
    "version": "1.0.0",
    "description": "",
    "main": "index.html",
    "scripts": {
      "test": "echo \"Error: no test specified\" && exit 1"
    },
    "author": "",
    "license": "MIT",
    "devDependencies": {
      "admin-on-rest": "^1.4.0",
      "aor-json-rest-client": "~2.1.0",
      "aor-language-french": "~1.8.0",
      "aor-rich-text-input": "~1.0.0",
      "babel-core": "~6.25.0",
      "babel-loader": "~7.1.1",
      "babel-plugin-transform-react-jsx": "~6.8.0",
      "babel-polyfill": "~6.9.1",
      "babel-preset-react": "~6.11.1",
      "css-loader": "~0.28.4",
      "extract-text-webpack-plugin": "~2.1.2",
      "style-loader": "~0.18.2",
      "webpack": "~3.0.0",
      "webpack-dev-server": "~2.5.0"
    }
  }

yarn manifest: 
  No manifest

Lockfile: 
  No lockfile

Trace: 
  Error: Command "start" not found.
      at new MessageError (C:\Users\WEB PM\AppData\Roaming\npm\node_modules\yarn\lib\cli.js:186:110)
      at C:\Users\WEB PM\AppData\Roaming\npm\node_modules\yarn\lib\cli.js:87307:17
      at Generator.next (<anonymous>)
      at step (C:\Users\WEB PM\AppData\Roaming\npm\node_modules\yarn\lib\cli.js:98:30)
      at C:\Users\WEB PM\AppData\Roaming\npm\node_modules\yarn\lib\cli.js:116:14
      at new Promise (<anonymous>)
      at new F (C:\Users\WEB PM\AppData\Roaming\npm\node_modules\yarn\lib\cli.js:23451:28)
      at C:\Users\WEB PM\AppData\Roaming\npm\node_modules\yarn\lib\cli.js:95:12
      at runCommand (C:\Users\WEB PM\AppData\Roaming\npm\node_modules\yarn\lib\cli.js:87312:22)
      at Object.<anonymous> (C:\Users\WEB PM\AppData\Roaming\npm\node_modules\yarn\lib\cli.js:87412:14)
